LoRaMessenger/app/build/intermediates/manifest_merge_blame_file/debug/manifest-merger-blame-debug-report.txt
1<?xml version="1.0" encoding="utf-8"?>
2<manifest xmlns:android="http://schemas.android.com/apk/res/android"
3    package="com.example.loramessenger"
4    android:versionCode="1"
5    android:versionName="1.0" >
6
7    <uses-sdk
8        android:minSdkVersion="21"
8-->src\main\AndroidManifest.xml
9        android:targetSdkVersion="31" />
9-->src\main\AndroidManifest.xml
10
11    <uses-permission android:name="android.permission.ACTIVITY_RECOGNITION" />
11-->src\main\AndroidManifest.xml:6:5-79
11-->src\main\AndroidManifest.xml:6:22-76
12    <uses-permission
12-->src\main\AndroidManifest.xml:7:5-9:38
13        android:name="android.permission.BLUETOOTH"
13-->src\main\AndroidManifest.xml:8:9-52
14        android:maxSdkVersion="30" />
14-->src\main\AndroidManifest.xml:9:9-35
15    <uses-permission
15-->src\main\AndroidManifest.xml:10:5-12:38
16        android:name="android.permission.BLUETOOTH_ADMIN"
16-->src\main\AndroidManifest.xml:11:9-58
17        android:maxSdkVersion="30" />
17-->src\main\AndroidManifest.xml:12:9-35
18    <uses-permission android:name="android.permission.BLUETOOTH_SCAN" />
18-->src\main\AndroidManifest.xml:13:5-14:60
18-->src\main\AndroidManifest.xml:14:9-57
19    <uses-permission android:name="android.permission.BLUETOOTH_ADVERTISE" />
19-->src\main\AndroidManifest.xml:15:5-78
19-->src\main\AndroidManifest.xml:15:22-75
20    <uses-permission android:name="android.permission.BLUETOOTH_CONNECT" />
20-->src\main\AndroidManifest.xml:16:5-17:44
20-->src\main\AndroidManifest.xml:16:22-73
21    <uses-permission android:name="android.permission.ACCESS_FINE_LOCATION" />
21-->src\main\AndroidManifest.xml:18:5-20:45
21-->src\main\AndroidManifest.xml:19:9-63
22    <uses-permission android:name="android.permission.ACCESS_COARSE_LOCATION" />
22-->src\main\AndroidManifest.xml:21:5-80
22-->src\main\AndroidManifest.xml:21:22-78
23    <uses-permission android:name="android.permission.ACCESS_NETWORK_STATE" />
23-->[io.getstream:stream-chat-android-ui-components:4.18.0] AndroidManifest.xml:10:5-79
23-->[io.getstream:stream-chat-android-ui-components:4.18.0] AndroidManifest.xml:10:22-76
24    <uses-permission android:name="android.permission.READ_EXTERNAL_STORAGE" />
24-->[io.getstream:stream-chat-android-ui-components:4.18.0] AndroidManifest.xml:11:5-80
24-->[io.getstream:stream-chat-android-ui-components:4.18.0] AndroidManifest.xml:11:22-77
25    <uses-permission android:name="android.permission.WRITE_EXTERNAL_STORAGE" />
25-->[io.getstream:stream-chat-android-ui-components:4.18.0] AndroidManifest.xml:12:5-81
25-->[io.getstream:stream-chat-android-ui-components:4.18.0] AndroidManifest.xml:12:22-78
26    <uses-permission android:name="android.permission.CAMERA" />
26-->[io.getstream:stream-chat-android-ui-components:4.18.0] AndroidManifest.xml:13:5-65
26-->[io.getstream:stream-chat-android-ui-components:4.18.0] AndroidManifest.xml:13:22-62
27
28    <queries>
28-->[io.getstream:stream-chat-android-ui-common:4.18.0] AndroidManifest.xml:10:5-17:15
29        <intent>
29-->[io.getstream:stream-chat-android-ui-common:4.18.0] AndroidManifest.xml:11:9-13:18
30            <action android:name="android.media.action.VIDEO_CAPTURE" />
30-->[io.getstream:stream-chat-android-ui-common:4.18.0] AndroidManifest.xml:12:13-73
30-->[io.getstream:stream-chat-android-ui-common:4.18.0] AndroidManifest.xml:12:21-70
31        </intent>
32        <intent>
32-->[io.getstream:stream-chat-android-ui-common:4.18.0] AndroidManifest.xml:14:9-16:18
33            <action android:name="android.media.action.IMAGE_CAPTURE" />
33-->[io.getstream:stream-chat-android-ui-common:4.18.0] AndroidManifest.xml:15:13-73
33-->[io.getstream:stream-chat-android-ui-common:4.18.0] AndroidManifest.xml:15:21-70
34        </intent>
35        <intent>
35-->[androidx.media:media:1.3.0] AndroidManifest.xml:25:9-27:18
36            <action android:name="android.media.browse.MediaBrowserService" />
36-->[androidx.media:media:1.3.0] AndroidManifest.xml:26:13-79
36-->[androidx.media:media:1.3.0] AndroidManifest.xml:26:21-76
37        </intent>
38    </queries>
39
40    <uses-permission android:name="android.permission.INTERNET" />
40-->[io.getstream:stream-chat-android-client:4.18.0] AndroidManifest.xml:10:5-67
40-->[io.getstream:stream-chat-android-client:4.18.0] AndroidManifest.xml:10:22-64
41    <uses-permission android:name="android.permission.WAKE_LOCK" />
41-->[androidx.work:work-runtime:2.5.0] AndroidManifest.xml:25:5-68
41-->[androidx.work:work-runtime:2.5.0] AndroidManifest.xml:25:22-65
42    <uses-permission android:name="android.permission.RECEIVE_BOOT_COMPLETED" />
42-->[androidx.work:work-runtime:2.5.0] AndroidManifest.xml:27:5-81
42-->[androidx.work:work-runtime:2.5.0] AndroidManifest.xml:27:22-78
43    <uses-permission android:name="android.permission.FOREGROUND_SERVICE" />
43-->[androidx.work:work-runtime:2.5.0] AndroidManifest.xml:28:5-77
43-->[androidx.work:work-runtime:2.5.0] AndroidManifest.xml:28:22-74
44
45    <application
45-->src\main\AndroidManifest.xml:23:5-56:19
46        android:allowBackup="true"
46-->src\main\AndroidManifest.xml:24:9-35
47        android:appComponentFactory="androidx.core.app.CoreComponentFactory"
47-->[androidx.core:core:1.6.0] AndroidManifest.xml:24:18-86
48        android:debuggable="true"
49        android:icon="@mipmap/ic_launcher"
49-->src\main\AndroidManifest.xml:25:9-43
50        android:label="@string/app_name"
50-->src\main\AndroidManifest.xml:26:9-41
51        android:roundIcon="@mipmap/ic_launcher_round"
51-->src\main\AndroidManifest.xml:27:9-54
52        android:supportsRtl="true"
52-->src\main\AndroidManifest.xml:28:9-35
53        android:testOnly="true"
54        android:theme="@style/Theme.LoRaMessenger" >
54-->src\main\AndroidManifest.xml:29:9-51
55        <activity
55-->src\main\AndroidManifest.xml:30:9-33:58
56            android:name="com.example.loramessenger.ConnectToDeviceActivity"
56-->src\main\AndroidManifest.xml:31:13-52
57            android:exported="true"
57-->src\main\AndroidManifest.xml:32:13-36
58            android:theme="@style/Theme.LoRaMessenger2" />
58-->src\main\AndroidManifest.xml:33:13-56
59        <activity
59-->src\main\AndroidManifest.xml:34:9-43:20
60            android:name="com.example.loramessenger.SplashActivity"
60-->src\main\AndroidManifest.xml:35:13-43
61            android:exported="true"
61-->src\main\AndroidManifest.xml:36:13-36
62            android:theme="@style/Theme.LoRaMessenger2" >
62-->src\main\AndroidManifest.xml:37:13-56
63            <intent-filter>
63-->src\main\AndroidManifest.xml:38:13-42:29
64                <action android:name="android.intent.action.MAIN" />
64-->src\main\AndroidManifest.xml:39:17-69
64-->src\main\AndroidManifest.xml:39:25-66
65
66                <category android:name="android.intent.category.LAUNCHER" />
66-->src\main\AndroidManifest.xml:41:17-77
66-->src\main\AndroidManifest.xml:41:27-74
67            </intent-filter>
68        </activity>
69        <activity
69-->src\main\AndroidManifest.xml:44:9-46:48
70            android:name="com.example.loramessenger.MainActivity"
70-->src\main\AndroidManifest.xml:45:13-41
71            android:exported="true" />
71-->src\main\AndroidManifest.xml:46:13-36
72        <activity
72-->src\main\AndroidManifest.xml:47:9-49:44
73            android:name="com.example.loramessenger.SecondActivity"
73-->src\main\AndroidManifest.xml:48:9-39
74            android:exported="true" />
74-->src\main\AndroidManifest.xml:49:9-32
75        <activity
75-->src\main\AndroidManifest.xml:50:9-52:48
76            android:name="com.example.loramessenger.ThirdActivity"
76-->src\main\AndroidManifest.xml:51:13-42
77            android:exported="true" />
77-->src\main\AndroidManifest.xml:52:13-36
78        <activity
78-->src\main\AndroidManifest.xml:53:9-55:48
79            android:name="com.example.loramessenger.FourthActivity"
79-->src\main\AndroidManifest.xml:54:13-43
80            android:exported="true" />
80-->src\main\AndroidManifest.xml:55:13-36
81
82        <provider
82-->[io.getstream:stream-chat-android-ui-components:4.18.0] AndroidManifest.xml:16:9-27:20
83            android:name="androidx.startup.InitializationProvider"
83-->[io.getstream:stream-chat-android-ui-components:4.18.0] AndroidManifest.xml:17:13-67
84            android:authorities="com.example.loramessenger.androidx-startup"
84-->[io.getstream:stream-chat-android-ui-components:4.18.0] AndroidManifest.xml:18:13-68
85            android:exported="false" >
85-->[io.getstream:stream-chat-android-ui-components:4.18.0] AndroidManifest.xml:19:13-37
86            <meta-data
86-->[io.getstream:stream-chat-android-ui-components:4.18.0] AndroidManifest.xml:21:13-23:52
87                android:name="io.getstream.chat.android.ui.common.internal.ChatUIInitializer"
87-->[io.getstream:stream-chat-android-ui-components:4.18.0] AndroidManifest.xml:22:17-94
88                android:value="androidx.startup" />
88-->[io.getstream:stream-chat-android-ui-components:4.18.0] AndroidManifest.xml:23:17-49
89            <meta-data
89-->[io.getstream:stream-chat-android-ui-components:4.18.0] AndroidManifest.xml:24:13-26:52
90                android:name="io.getstream.chat.android.ui.common.internal.ImageLoaderFactoryInitializer"
90-->[io.getstream:stream-chat-android-ui-components:4.18.0] AndroidManifest.xml:25:17-106
91                android:value="androidx.startup" />
91-->[io.getstream:stream-chat-android-ui-components:4.18.0] AndroidManifest.xml:26:17-49
92            <meta-data
92-->[io.getstream:stream-chat-android-ui-common:4.18.0] AndroidManifest.xml:38:13-40:52
93                android:name="com.getstream.sdk.chat.startup.ThreeTenInitializer"
93-->[io.getstream:stream-chat-android-ui-common:4.18.0] AndroidManifest.xml:39:17-82
94                android:value="androidx.startup" />
94-->[io.getstream:stream-chat-android-ui-common:4.18.0] AndroidManifest.xml:40:17-49
95        </provider>
96
97        <activity
97-->[io.getstream:stream-chat-android-ui-components:4.18.0] AndroidManifest.xml:29:9-31:65
98            android:name="io.getstream.chat.android.ui.gallery.AttachmentGalleryActivity"
98-->[io.getstream:stream-chat-android-ui-components:4.18.0] AndroidManifest.xml:30:13-90
99            android:theme="@style/StreamUi.AttachmentGallery" />
99-->[io.getstream:stream-chat-android-ui-components:4.18.0] AndroidManifest.xml:31:13-62
100        <activity
100-->[io.getstream:stream-chat-android-ui-components:4.18.0] AndroidManifest.xml:32:9-34:61
101            android:name="io.getstream.chat.android.ui.gallery.AttachmentMediaActivity"
101-->[io.getstream:stream-chat-android-ui-components:4.18.0] AndroidManifest.xml:33:13-88
102            android:theme="@style/StreamUi.MediaActivity" />
102-->[io.getstream:stream-chat-android-ui-components:4.18.0] AndroidManifest.xml:34:13-58
103        <activity
103-->[io.getstream:stream-chat-android-ui-components:4.18.0] AndroidManifest.xml:35:9-37:66
104            android:name="io.getstream.chat.android.ui.gallery.AttachmentActivity"
104-->[io.getstream:stream-chat-android-ui-components:4.18.0] AndroidManifest.xml:36:13-83
105            android:theme="@style/StreamUi.AttachmentActivity" />
105-->[io.getstream:stream-chat-android-ui-components:4.18.0] AndroidManifest.xml:37:13-63
106        <activity android:name="io.getstream.chat.android.ui.channel.ChannelListActivity" />
106-->[io.getstream:stream-chat-android-ui-components:4.18.0] AndroidManifest.xml:38:9-93
106-->[io.getstream:stream-chat-android-ui-components:4.18.0] AndroidManifest.xml:38:19-90
107        <activity android:name="io.getstream.chat.android.ui.message.MessageListActivity" />
107-->[io.getstream:stream-chat-android-ui-components:4.18.0] AndroidManifest.xml:39:9-93
107-->[io.getstream:stream-chat-android-ui-components:4.18.0] AndroidManifest.xml:39:19-90
108        <activity
108-->[io.getstream:stream-chat-android-ui-common:4.18.0] AndroidManifest.xml:20:9-22:75
109            android:name="com.getstream.sdk.chat.view.activity.AttachmentDocumentActivity"
109-->[io.getstream:stream-chat-android-ui-common:4.18.0] AndroidManifest.xml:21:13-91
110            android:theme="@style/Theme.AppCompat.DayNight.NoActionBar" />
110-->[io.getstream:stream-chat-android-ui-common:4.18.0] AndroidManifest.xml:22:13-72
111
112        <provider
112-->[io.getstream:stream-chat-android-ui-common:4.18.0] AndroidManifest.xml:24:9-32:20
113            android:name="com.getstream.sdk.chat.StreamFileProvider"
113-->[io.getstream:stream-chat-android-ui-common:4.18.0] AndroidManifest.xml:25:13-69
114            android:authorities="com.example.loramessenger.streamfileprovider"
114-->[io.getstream:stream-chat-android-ui-common:4.18.0] AndroidManifest.xml:26:13-70
115            android:exported="false"
115-->[io.getstream:stream-chat-android-ui-common:4.18.0] AndroidManifest.xml:27:13-37
116            android:grantUriPermissions="true" >
116-->[io.getstream:stream-chat-android-ui-common:4.18.0] AndroidManifest.xml:28:13-47
117            <meta-data
117-->[io.getstream:stream-chat-android-ui-common:4.18.0] AndroidManifest.xml:29:13-31:60
118                android:name="android.support.FILE_PROVIDER_PATHS"
118-->[io.getstream:stream-chat-android-ui-common:4.18.0] AndroidManifest.xml:30:17-67
119                android:resource="@xml/stream_filepaths" />
119-->[io.getstream:stream-chat-android-ui-common:4.18.0] AndroidManifest.xml:31:17-57
120        </provider>
121
122        <activity
122-->[com.karumi:dexter:6.2.3] AndroidManifest.xml:27:9-29:72
123            android:name="com.karumi.dexter.DexterActivity"
123-->[com.karumi:dexter:6.2.3] AndroidManifest.xml:28:13-60
124            android:theme="@style/Dexter.Internal.Theme.Transparent" />
124-->[com.karumi:dexter:6.2.3] AndroidManifest.xml:29:13-69
125
126        <receiver
126-->[io.getstream:stream-chat-android-client:4.18.0] AndroidManifest.xml:13:9-21:20
127            android:name="io.getstream.chat.android.client.receivers.NotificationMessageReceiver"
127-->[io.getstream:stream-chat-android-client:4.18.0] AndroidManifest.xml:14:13-98
128            android:enabled="true"
128-->[io.getstream:stream-chat-android-client:4.18.0] AndroidManifest.xml:15:13-35
129            android:exported="false" >
129-->[io.getstream:stream-chat-android-client:4.18.0] AndroidManifest.xml:16:13-37
130            <intent-filter>
130-->[io.getstream:stream-chat-android-client:4.18.0] AndroidManifest.xml:17:13-20:29
131                <action android:name="com.getstream.sdk.chat.READ" />
131-->[io.getstream:stream-chat-android-client:4.18.0] AndroidManifest.xml:18:17-70
131-->[io.getstream:stream-chat-android-client:4.18.0] AndroidManifest.xml:18:25-67
132                <action android:name="com.getstream.sdk.chat.REPLY" />
132-->[io.getstream:stream-chat-android-client:4.18.0] AndroidManifest.xml:19:17-71
132-->[io.getstream:stream-chat-android-client:4.18.0] AndroidManifest.xml:19:25-68
133            </intent-filter>
134        </receiver>
135
136        <provider
136-->[androidx.work:work-runtime:2.5.0] AndroidManifest.xml:31:9-37:35
137            android:name="androidx.work.impl.WorkManagerInitializer"
137-->[androidx.work:work-runtime:2.5.0] AndroidManifest.xml:32:13-69
138            android:authorities="com.example.loramessenger.workmanager-init"
138-->[androidx.work:work-runtime:2.5.0] AndroidManifest.xml:33:13-68
139            android:directBootAware="false"
139-->[androidx.work:work-runtime:2.5.0] AndroidManifest.xml:34:13-44
140            android:exported="false"
140-->[androidx.work:work-runtime:2.5.0] AndroidManifest.xml:35:13-37
141            android:multiprocess="true" />
141-->[androidx.work:work-runtime:2.5.0] AndroidManifest.xml:36:13-40
142
143        <service
143-->[androidx.work:work-runtime:2.5.0] AndroidManifest.xml:39:9-44:35
144            android:name="androidx.work.impl.background.systemalarm.SystemAlarmService"
144-->[androidx.work:work-runtime:2.5.0] AndroidManifest.xml:40:13-88
145            android:directBootAware="false"
145-->[androidx.work:work-runtime:2.5.0] AndroidManifest.xml:41:13-44
146            android:enabled="@bool/enable_system_alarm_service_default"
146-->[androidx.work:work-runtime:2.5.0] AndroidManifest.xml:42:13-72
147            android:exported="false" />
147-->[androidx.work:work-runtime:2.5.0] AndroidManifest.xml:43:13-37
148        <service
148-->[androidx.work:work-runtime:2.5.0] AndroidManifest.xml:45:9-51:35
149            android:name="androidx.work.impl.background.systemjob.SystemJobService"
149-->[androidx.work:work-runtime:2.5.0] AndroidManifest.xml:46:13-84
150            android:directBootAware="false"
150-->[androidx.work:work-runtime:2.5.0] AndroidManifest.xml:47:13-44
151            android:enabled="@bool/enable_system_job_service_default"
151-->[androidx.work:work-runtime:2.5.0] AndroidManifest.xml:48:13-70
152            android:exported="true"
152-->[androidx.work:work-runtime:2.5.0] AndroidManifest.xml:49:13-36
153            android:permission="android.permission.BIND_JOB_SERVICE" />
153-->[androidx.work:work-runtime:2.5.0] AndroidManifest.xml:50:13-69
154        <service
154-->[androidx.work:work-runtime:2.5.0] AndroidManifest.xml:52:9-57:35
155            android:name="androidx.work.impl.foreground.SystemForegroundService"
155-->[androidx.work:work-runtime:2.5.0] AndroidManifest.xml:53:13-81
156            android:directBootAware="false"
156-->[androidx.work:work-runtime:2.5.0] AndroidManifest.xml:54:13-44
157            android:enabled="@bool/enable_system_foreground_service_default"
157-->[androidx.work:work-runtime:2.5.0] AndroidManifest.xml:55:13-77
158            android:exported="false" />
158-->[androidx.work:work-runtime:2.5.0] AndroidManifest.xml:56:13-37
159
160        <receiver
160-->[androidx.work:work-runtime:2.5.0] AndroidManifest.xml:59:9-64:35
161            android:name="androidx.work.impl.utils.ForceStopRunnable$BroadcastReceiver"
161-->[androidx.work:work-runtime:2.5.0] AndroidManifest.xml:60:13-88
162            android:directBootAware="false"
162-->[androidx.work:work-runtime:2.5.0] AndroidManifest.xml:61:13-44
163            android:enabled="true"
163-->[androidx.work:work-runtime:2.5.0] AndroidManifest.xml:62:13-35
164            android:exported="false" />
164-->[androidx.work:work-runtime:2.5.0] AndroidManifest.xml:63:13-37
165        <receiver
165-->[androidx.work:work-runtime:2.5.0] AndroidManifest.xml:65:9-75:20
166            android:name="androidx.work.impl.background.systemalarm.ConstraintProxy$BatteryChargingProxy"
166-->[androidx.work:work-runtime:2.5.0] AndroidManifest.xml:66:13-106
167            android:directBootAware="false"
167-->[androidx.work:work-runtime:2.5.0] AndroidManifest.xml:67:13-44
168            android:enabled="false"
168-->[androidx.work:work-runtime:2.5.0] AndroidManifest.xml:68:13-36
169            android:exported="false" >
169-->[androidx.work:work-runtime:2.5.0] AndroidManifest.xml:69:13-37
170            <intent-filter>
170-->[androidx.work:work-runtime:2.5.0] AndroidManifest.xml:71:13-74:29
171                <action android:name="android.intent.action.ACTION_POWER_CONNECTED" />
171-->[androidx.work:work-runtime:2.5.0] AndroidManifest.xml:72:17-87
171-->[androidx.work:work-runtime:2.5.0] AndroidManifest.xml:72:25-84
172                <action android:name="android.intent.action.ACTION_POWER_DISCONNECTED" />
172-->[androidx.work:work-runtime:2.5.0] AndroidManifest.xml:73:17-90
172-->[androidx.work:work-runtime:2.5.0] AndroidManifest.xml:73:25-87
173            </intent-filter>
174        </receiver>
175        <receiver
175-->[androidx.work:work-runtime:2.5.0] AndroidManifest.xml:76:9-86:20
176            android:name="androidx.work.impl.background.systemalarm.ConstraintProxy$BatteryNotLowProxy"
176-->[androidx.work:work-runtime:2.5.0] AndroidManifest.xml:77:13-104
177            android:directBootAware="false"
177-->[androidx.work:work-runtime:2.5.0] AndroidManifest.xml:78:13-44
178            android:enabled="false"
178-->[androidx.work:work-runtime:2.5.0] AndroidManifest.xml:79:13-36
179            android:exported="false" >
179-->[androidx.work:work-runtime:2.5.0] AndroidManifest.xml:80:13-37
180            <intent-filter>
180-->[androidx.work:work-runtime:2.5.0] AndroidManifest.xml:82:13-85:29
181                <action android:name="android.intent.action.BATTERY_OKAY" />
181-->[androidx.work:work-runtime:2.5.0] AndroidManifest.xml:83:17-77
181-->[androidx.work:work-runtime:2.5.0] AndroidManifest.xml:83:25-74
182                <action android:name="android.intent.action.BATTERY_LOW" />
182-->[androidx.work:work-runtime:2.5.0] AndroidManifest.xml:84:17-76
182-->[androidx.work:work-runtime:2.5.0] AndroidManifest.xml:84:25-73
183            </intent-filter>
184        </receiver>
185        <receiver
185-->[androidx.work:work-runtime:2.5.0] AndroidManifest.xml:87:9-97:20
186            android:name="androidx.work.impl.background.systemalarm.ConstraintProxy$StorageNotLowProxy"
186-->[androidx.work:work-runtime:2.5.0] AndroidManifest.xml:88:13-104
187            android:directBootAware="false"
187-->[androidx.work:work-runtime:2.5.0] AndroidManifest.xml:89:13-44
188            android:enabled="false"
188-->[androidx.work:work-runtime:2.5.0] AndroidManifest.xml:90:13-36
189            android:exported="false" >
189-->[androidx.work:work-runtime:2.5.0] AndroidManifest.xml:91:13-37
190            <intent-filter>
190-->[androidx.work:work-runtime:2.5.0] AndroidManifest.xml:93:13-96:29
191                <action android:name="android.intent.action.DEVICE_STORAGE_LOW" />
191-->[androidx.work:work-runtime:2.5.0] AndroidManifest.xml:94:17-83
191-->[androidx.work:work-runtime:2.5.0] AndroidManifest.xml:94:25-80
192                <action android:name="android.intent.action.DEVICE_STORAGE_OK" />
192-->[androidx.work:work-runtime:2.5.0] AndroidManifest.xml:95:17-82
192-->[androidx.work:work-runtime:2.5.0] AndroidManifest.xml:95:25-79
193            </intent-filter>
194        </receiver>
195        <receiver
195-->[androidx.work:work-runtime:2.5.0] AndroidManifest.xml:98:9-107:20
196            android:name="androidx.work.impl.background.systemalarm.ConstraintProxy$NetworkStateProxy"
196-->[androidx.work:work-runtime:2.5.0] AndroidManifest.xml:99:13-103
197            android:directBootAware="false"
197-->[androidx.work:work-runtime:2.5.0] AndroidManifest.xml:100:13-44
198            android:enabled="false"
198-->[androidx.work:work-runtime:2.5.0] AndroidManifest.xml:101:13-36
199            android:exported="false" >
199-->[androidx.work:work-runtime:2.5.0] AndroidManifest.xml:102:13-37
200            <intent-filter>
200-->[androidx.work:work-runtime:2.5.0] AndroidManifest.xml:104:13-106:29
201                <action android:name="android.net.conn.CONNECTIVITY_CHANGE" />
201-->[androidx.work:work-runtime:2.5.0] AndroidManifest.xml:105:17-79
201-->[androidx.work:work-runtime:2.5.0] AndroidManifest.xml:105:25-76
202            </intent-filter>
203        </receiver>
204        <receiver
204-->[androidx.work:work-runtime:2.5.0] AndroidManifest.xml:108:9-119:20
205            android:name="androidx.work.impl.background.systemalarm.RescheduleReceiver"
205-->[androidx.work:work-runtime:2.5.0] AndroidManifest.xml:109:13-88
206            android:directBootAware="false"
206-->[androidx.work:work-runtime:2.5.0] AndroidManifest.xml:110:13-44
207            android:enabled="false"
207-->[androidx.work:work-runtime:2.5.0] AndroidManifest.xml:111:13-36
208            android:exported="false" >
208-->[androidx.work:work-runtime:2.5.0] AndroidManifest.xml:112:13-37
209            <intent-filter>
209-->[androidx.work:work-runtime:2.5.0] AndroidManifest.xml:114:13-118:29
210                <action android:name="android.intent.action.BOOT_COMPLETED" />
210-->[androidx.work:work-runtime:2.5.0] AndroidManifest.xml:115:17-79
210-->[androidx.work:work-runtime:2.5.0] AndroidManifest.xml:115:25-76
211                <action android:name="android.intent.action.TIME_SET" />
211-->[androidx.work:work-runtime:2.5.0] AndroidManifest.xml:116:17-73
211-->[androidx.work:work-runtime:2.5.0] AndroidManifest.xml:116:25-70
212                <action android:name="android.intent.action.TIMEZONE_CHANGED" />
212-->[androidx.work:work-runtime:2.5.0] AndroidManifest.xml:117:17-81
212-->[androidx.work:work-runtime:2.5.0] AndroidManifest.xml:117:25-78
213            </intent-filter>
214        </receiver>
215        <receiver
215-->[androidx.work:work-runtime:2.5.0] AndroidManifest.xml:120:9-129:20
216            android:name="androidx.work.impl.background.systemalarm.ConstraintProxyUpdateReceiver"
216-->[androidx.work:work-runtime:2.5.0] AndroidManifest.xml:121:13-99
217            android:directBootAware="false"
217-->[androidx.work:work-runtime:2.5.0] AndroidManifest.xml:122:13-44
218            android:enabled="@bool/enable_system_alarm_service_default"
218-->[androidx.work:work-runtime:2.5.0] AndroidManifest.xml:123:13-72
219            android:exported="false" >
219-->[androidx.work:work-runtime:2.5.0] AndroidManifest.xml:124:13-37
220            <intent-filter>
220-->[androidx.work:work-runtime:2.5.0] AndroidManifest.xml:126:13-128:29
221                <action android:name="androidx.work.impl.background.systemalarm.UpdateProxies" />
221-->[androidx.work:work-runtime:2.5.0] AndroidManifest.xml:127:17-98
221-->[androidx.work:work-runtime:2.5.0] AndroidManifest.xml:127:25-95
222            </intent-filter>
223        </receiver>
224        <receiver
224-->[androidx.work:work-runtime:2.5.0] AndroidManifest.xml:130:9-140:20
225            android:name="androidx.work.impl.diagnostics.DiagnosticsReceiver"
225-->[androidx.work:work-runtime:2.5.0] AndroidManifest.xml:131:13-78
226            android:directBootAware="false"
226-->[androidx.work:work-runtime:2.5.0] AndroidManifest.xml:132:13-44
227            android:enabled="true"
227-->[androidx.work:work-runtime:2.5.0] AndroidManifest.xml:133:13-35
228            android:exported="true"
228-->[androidx.work:work-runtime:2.5.0] AndroidManifest.xml:134:13-36
229            android:permission="android.permission.DUMP" >
229-->[androidx.work:work-runtime:2.5.0] AndroidManifest.xml:135:13-57
230            <intent-filter>
230-->[androidx.work:work-runtime:2.5.0] AndroidManifest.xml:137:13-139:29
231                <action android:name="androidx.work.diagnostics.REQUEST_DIAGNOSTICS" />
231-->[androidx.work:work-runtime:2.5.0] AndroidManifest.xml:138:17-88
231-->[androidx.work:work-runtime:2.5.0] AndroidManifest.xml:138:25-85
232            </intent-filter>
233        </receiver>
234
235        <provider
235-->[androidx.lifecycle:lifecycle-process:2.2.0] AndroidManifest.xml:25:9-29:43
236            android:name="androidx.lifecycle.ProcessLifecycleOwnerInitializer"
236-->[androidx.lifecycle:lifecycle-process:2.2.0] AndroidManifest.xml:26:13-79
237            android:authorities="com.example.loramessenger.lifecycle-process"
237-->[androidx.lifecycle:lifecycle-process:2.2.0] AndroidManifest.xml:27:13-69
238            android:exported="false"
238-->[androidx.lifecycle:lifecycle-process:2.2.0] AndroidManifest.xml:28:13-37
239            android:multiprocess="true" />
239-->[androidx.lifecycle:lifecycle-process:2.2.0] AndroidManifest.xml:29:13-40
240
241        <service
241-->[androidx.room:room-runtime:2.3.0] AndroidManifest.xml:25:9-28:40
242            android:name="androidx.room.MultiInstanceInvalidationService"
242-->[androidx.room:room-runtime:2.3.0] AndroidManifest.xml:26:13-74
243            android:directBootAware="true"
243-->[androidx.room:room-runtime:2.3.0] AndroidManifest.xml:27:13-43
244            android:exported="false" />
244-->[androidx.room:room-runtime:2.3.0] AndroidManifest.xml:28:13-37
245    </application>
246
247</manifest>